<?xml version="1.0" encoding="UTF-8"?>
<!-- Generated by org.testng.reporters.JUnitXMLReporter -->
<testsuite ignored="0" hostname="Shuolins-MacBook-Pro-2.local" failures="0" tests="5" name="Command line test" time="4.42" errors="0" timestamp="2022-08-15T00:00:14 EDT">
  <testcase classname="NegativeTest" name="negativeTest_ExceedTimeRange_ShouldFail" time="1.966"/>
  <testcase classname="NegativeTest" name="negativeTest_NoAPIKey_ShouldFail" time="0.544"/>
  <testcase classname="NegativeTest" name="negativeTest_NoParam_ShouldFail" time="0.514"/>
  <testcase classname="NegativeTest" name="negativeTest_ValidQueryDefaultStartDate_ShouldFail" time="0.675"/>
  <testcase classname="NegativeTest" name="negativeTest_WrongDateFormat_ShouldFail" time="0.685"/>
</testsuite> <!-- Command line test -->
