<?xml version="1.0" encoding="UTF-8"?>
<testng-results ignored="0" total="5" passed="5" failed="0" skipped="0">
  <reporter-output>
  </reporter-output>
  <suite started-at="2022-08-15T00:00:09 EDT" name="Command line suite" finished-at="2022-08-15T00:00:13 EDT" duration-ms="4420">
    <groups>
    </groups>
    <test started-at="2022-08-15T00:00:09 EDT" name="Command line test" finished-at="2022-08-15T00:00:13 EDT" duration-ms="4420">
      <class name="NegativeTest">
        <test-method signature="negativeTest_ExceedTimeRange_ShouldFail()[pri:0, instance:NegativeTest@7e9a5fbe]" started-at="2022-08-15T00:00:09 EDT" name="negativeTest_ExceedTimeRange_ShouldFail" finished-at="2022-08-15T00:00:11 EDT" duration-ms="1966" status="PASS">
          <reporter-output>
          </reporter-output>
        </test-method> <!-- negativeTest_ExceedTimeRange_ShouldFail -->
        <test-method signature="negativeTest_NoAPIKey_ShouldFail()[pri:0, instance:NegativeTest@7e9a5fbe]" started-at="2022-08-15T00:00:11 EDT" name="negativeTest_NoAPIKey_ShouldFail" finished-at="2022-08-15T00:00:12 EDT" duration-ms="544" status="PASS">
          <reporter-output>
          </reporter-output>
        </test-method> <!-- negativeTest_NoAPIKey_ShouldFail -->
        <test-method signature="negativeTest_NoParam_ShouldFail()[pri:0, instance:NegativeTest@7e9a5fbe]" started-at="2022-08-15T00:00:12 EDT" name="negativeTest_NoParam_ShouldFail" finished-at="2022-08-15T00:00:12 EDT" duration-ms="514" status="PASS">
          <reporter-output>
          </reporter-output>
        </test-method> <!-- negativeTest_NoParam_ShouldFail -->
        <test-method signature="negativeTest_ValidQueryDefaultStartDate_ShouldFail()[pri:0, instance:NegativeTest@7e9a5fbe]" started-at="2022-08-15T00:00:12 EDT" name="negativeTest_ValidQueryDefaultStartDate_ShouldFail" finished-at="2022-08-15T00:00:13 EDT" duration-ms="675" status="PASS">
          <reporter-output>
          </reporter-output>
        </test-method> <!-- negativeTest_ValidQueryDefaultStartDate_ShouldFail -->
        <test-method signature="negativeTest_WrongDateFormat_ShouldFail()[pri:0, instance:NegativeTest@7e9a5fbe]" started-at="2022-08-15T00:00:13 EDT" name="negativeTest_WrongDateFormat_ShouldFail" finished-at="2022-08-15T00:00:13 EDT" duration-ms="685" status="PASS">
          <reporter-output>
          </reporter-output>
        </test-method> <!-- negativeTest_WrongDateFormat_ShouldFail -->
      </class> <!-- NegativeTest -->
    </test> <!-- Command line test -->
  </suite> <!-- Command line suite -->
</testng-results>
