<?xml version="1.0" encoding="UTF-8"?>
<!-- Generated by org.testng.reporters.JUnitXMLReporter -->
<testsuite ignored="0" hostname="Shuolins-MacBook-Pro-2.local" failures="0" tests="11" name="BasisTechAssignment_apiTest" time="28.317" errors="0" timestamp="2022-08-15T11:25:08 EDT">
  <testcase classname="NegativeTest" name="negativeTest_ExceedTimeRange_ShouldFail" time="2.144"/>
  <testcase classname="NegativeTest" name="negativeTest_NoAPIKey_ShouldFail" time="0.527"/>
  <testcase classname="NegativeTest" name="negativeTest_NoParam_ShouldFail" time="0.521"/>
  <testcase classname="NegativeTest" name="negativeTest_ValidQueryDefaultStartDate_ShouldFail" time="0.66"/>
  <testcase classname="NegativeTest" name="negativeTest_WrongDateFormat_ShouldFail" time="0.643"/>
  <testcase classname="PositiveTest" name="positiveTest_NoDate_ShouldSucceed" time="0.827"/>
  <testcase classname="PositiveTest" name="positiveTest_StartDateLaterThanEndDate_ShouldSucceed" time="4.974"/>
  <testcase classname="PositiveTest" name="positiveTest_ValidQueryDefaultAPIKey_ShouldSucceed" time="4.129"/>
  <testcase classname="PositiveTest" name="positiveTest_ValidQueryDefaultEndDate_ShouldSucceed" time="12.163"/>
  <testcase classname="PositiveTest" name="positiveTest_ValidQueryNoDate_ShouldSucceed" time="1.046"/>
  <testcase classname="PositiveTest" name="positiveTest_ValidQuery_ShouldSucceed" time="0.638"/>
</testsuite> <!-- BasisTechAssignment_apiTest -->
